TN:
SF:src/trpc.ts
FN:48,errorFormatter
FN:97,enforceRole
FN:157,createTestContext
FN:165,createAuthenticatedTestContext
FNF:4
FNH:2
FNDA:0,errorFormatter
FNDA:4,enforceRole
FNDA:0,createTestContext
FNDA:37,createAuthenticatedTestContext
DA:1,1
DA:47,1
DA:48,1
DA:49,0
DA:50,0
DA:51,0
DA:52,0
DA:54,0
DA:55,0
DA:56,0
DA:57,0
DA:58,0
DA:59,1
DA:65,1
DA:66,1
DA:76,1
DA:77,0
DA:78,0
DA:79,0
DA:80,0
DA:81,0
DA:82,0
DA:84,0
DA:85,0
DA:86,0
DA:87,0
DA:88,0
DA:89,0
DA:90,0
DA:91,0
DA:97,4
DA:98,4
DA:99,4
DA:100,4
DA:101,4
DA:102,4
DA:103,4
DA:105,4
DA:106,51
DA:107,0
DA:108,0
DA:109,0
DA:110,0
DA:111,0
DA:113,51
DA:114,51
DA:116,51
DA:117,5
DA:118,5
DA:119,5
DA:120,5
DA:121,5
DA:123,46
DA:124,46
DA:125,46
DA:126,46
DA:127,46
DA:128,46
DA:129,46
DA:130,4
DA:131,4
DA:138,1
DA:141,1
DA:144,1
DA:147,1
DA:150,1
DA:157,1
DA:158,0
DA:159,0
DA:160,0
DA:161,0
DA:162,0
DA:163,0
DA:165,1
DA:166,37
DA:167,37
DA:168,37
DA:169,37
DA:170,37
DA:171,37
DA:172,37
DA:173,37
DA:174,37
DA:175,37
DA:176,37
DA:177,37
DA:178,37
DA:179,37
DA:180,37
DA:181,37
DA:182,37
LF:91
LH:57
BRDA:97,0,0,4
BRDA:105,1,0,51
BRDA:106,2,0,0
BRDA:113,3,0,0
BRDA:114,4,0,0
BRDA:116,5,0,5
BRDA:121,6,0,46
BRDA:165,7,0,37
BRF:8
BRH:5
end_of_record
TN:
SF:src/routers/business.router.ts
FN:59,getBusinessService
FN:70,resetBusinessService
FNF:2
FNH:2
FNDA:46,getBusinessService
FNDA:20,resetBusinessService
DA:1,1
DA:57,1
DA:59,1
DA:60,46
DA:61,0
DA:62,0
DA:63,46
DA:64,19
DA:65,19
DA:66,46
DA:67,46
DA:70,1
DA:71,20
DA:72,20
DA:78,1
DA:81,1
DA:82,1
DA:83,1
DA:84,1
DA:85,1
DA:86,1
DA:87,1
DA:88,1
DA:89,1
DA:90,0
DA:91,0
DA:92,0
DA:93,0
DA:94,1
DA:95,1
DA:96,1
DA:100,1
DA:101,1
DA:102,1
DA:103,1
DA:107,1
DA:108,1
DA:109,1
DA:110,0
DA:111,0
DA:112,1
DA:116,1
DA:117,20
DA:118,20
DA:119,20
DA:120,20
DA:121,20
DA:122,20
DA:123,20
DA:124,20
DA:125,20
DA:126,20
DA:127,20
DA:128,20
DA:129,20
DA:130,20
DA:131,20
DA:132,20
DA:133,1
DA:137,1
DA:138,1
DA:139,1
DA:140,5
DA:141,5
DA:142,5
DA:143,1
DA:147,1
DA:148,1
DA:149,1
DA:150,2
DA:151,2
DA:152,2
DA:153,1
DA:157,1
DA:158,1
DA:159,1
DA:160,1
DA:161,1
DA:162,1
DA:163,1
DA:167,1
DA:168,1
DA:169,1
DA:170,1
DA:171,1
DA:172,1
DA:173,1
DA:174,1
DA:175,1
DA:179,1
DA:180,1
DA:181,1
DA:182,0
DA:183,0
DA:184,0
DA:185,1
DA:187,1
DA:188,1
DA:189,1
DA:190,0
DA:191,0
DA:192,0
DA:193,1
DA:197,1
DA:198,1
DA:199,1
DA:200,1
DA:201,1
DA:202,1
DA:203,1
DA:204,1
DA:205,1
DA:206,1
DA:207,1
DA:208,1
DA:209,1
DA:210,1
DA:211,1
DA:212,1
DA:213,1
DA:214,1
DA:215,1
DA:216,1
DA:217,1
DA:218,1
DA:219,1
DA:220,1
DA:221,1
DA:222,1
DA:223,1
DA:224,1
DA:225,1
DA:226,1
DA:227,1
DA:228,1
DA:229,1
DA:230,1
DA:231,1
DA:232,1
DA:233,1
DA:234,1
DA:235,1
DA:236,1
DA:237,1
DA:238,0
DA:239,0
DA:240,0
DA:241,0
DA:242,0
DA:243,0
DA:244,0
DA:245,0
DA:246,0
DA:247,1
DA:251,1
DA:252,1
DA:253,1
DA:254,1
DA:255,1
DA:259,1
DA:260,1
DA:261,1
DA:262,1
DA:263,1
DA:267,1
DA:268,1
DA:269,1
DA:270,1
DA:271,1
DA:272,1
DA:273,1
DA:275,1
DA:276,1
DA:277,1
DA:278,0
DA:279,0
DA:280,0
DA:281,1
DA:285,1
DA:286,2
DA:287,2
DA:288,2
DA:289,1
DA:291,1
DA:292,1
DA:293,1
DA:294,3
DA:295,3
DA:296,3
DA:297,3
DA:298,3
DA:299,3
DA:300,3
DA:301,3
DA:302,3
DA:303,3
DA:304,3
DA:305,3
DA:306,3
DA:307,3
DA:308,3
DA:309,3
DA:310,3
DA:311,3
DA:312,1
DA:314,1
DA:315,1
DA:316,1
DA:317,1
DA:318,1
DA:319,1
DA:320,1
DA:321,1
DA:322,1
DA:323,1
DA:324,1
DA:325,1
DA:327,1
DA:328,1
DA:329,1
DA:330,1
DA:331,1
DA:332,1
DA:336,1
DA:337,2
DA:338,2
DA:339,2
DA:340,1
DA:342,1
DA:343,1
DA:344,1
DA:345,1
DA:346,1
DA:347,1
DA:348,1
DA:349,1
DA:350,1
DA:351,1
DA:352,1
DA:353,1
DA:354,1
DA:355,1
DA:356,2
DA:357,2
DA:358,2
DA:359,2
DA:360,2
DA:361,2
DA:362,2
DA:363,2
DA:364,2
DA:365,2
DA:366,1
DA:368,1
DA:369,1
DA:370,1
DA:371,1
DA:372,1
DA:373,1
DA:374,1
DA:375,1
DA:376,1
DA:377,1
DA:378,1
DA:379,1
DA:380,1
DA:381,1
DA:382,1
DA:383,1
DA:384,1
DA:385,1
DA:386,1
DA:387,1
DA:388,1
DA:389,1
DA:390,1
DA:391,1
LF:277
LH:251
BRDA:59,0,0,46
BRDA:60,1,0,0
BRDA:63,2,0,19
BRDA:70,3,0,20
BRDA:81,4,0,1
BRDA:89,5,0,0
BRDA:100,6,0,1
BRDA:116,7,0,20
BRDA:139,8,0,5
BRDA:149,9,0,2
BRDA:152,10,0,0
BRDA:159,11,0,1
BRDA:167,12,0,1
BRDA:251,13,0,1
BRDA:259,14,0,1
BRDA:269,15,0,1
BRDA:285,16,0,2
BRDA:293,17,0,3
BRDA:322,18,0,1
BRDA:329,19,0,1
BRDA:336,20,0,2
BRDA:355,21,0,2
BRDA:380,22,0,1
BRF:23
BRH:20
end_of_record
TN:
SF:src/routers/index.ts
FNF:0
FNH:0
DA:1,1
DA:4,1
DA:5,1
DA:6,1
LF:4
LH:4
BRF:0
BRH:0
end_of_record
TN:
SF:src/services/business/business-health.engine.ts
FN:72,<instance_members_initializer>
FN:76,compute
FN:104,scoreProjectHealth
FN:164,scoreKPIPerformance
FN:211,scoreAgentActivity
FN:255,scoreAutomationReliability
FN:292,scoreKnowledgeCoverage
FN:332,scoreRepositoryHealth
FN:368,scoreLabel
FN:376,hasAttentionFlag
FN:380,buildRecommendations
FNF:11
FNH:11
FNDA:63,<instance_members_initializer>
FNDA:12,compute
FNDA:12,scoreProjectHealth
FNDA:12,scoreKPIPerformance
FNDA:12,scoreAgentActivity
FNDA:12,scoreAutomationReliability
FNDA:12,scoreKnowledgeCoverage
FNDA:12,scoreRepositoryHealth
FNDA:12,scoreLabel
FNDA:12,hasAttentionFlag
FNDA:12,buildRecommendations
DA:1,1
DA:72,1
DA:73,63
DA:74,63
DA:76,63
DA:77,12
DA:78,12
DA:79,12
DA:80,12
DA:81,12
DA:82,12
DA:83,12
DA:84,12
DA:86,12
DA:87,12
DA:88,12
DA:90,12
DA:92,12
DA:93,12
DA:94,12
DA:95,12
DA:96,12
DA:97,12
DA:98,12
DA:99,12
DA:100,12
DA:101,12
DA:102,12
DA:104,63
DA:105,12
DA:106,12
DA:108,12
DA:109,0
DA:110,0
DA:111,0
DA:112,0
DA:113,0
DA:114,0
DA:115,0
DA:116,0
DA:118,12
DA:121,12
DA:122,12
DA:123,0
DA:124,0
DA:125,12
DA:126,0
DA:127,0
DA:128,0
DA:131,12
DA:132,12
DA:133,0
DA:134,0
DA:135,12
DA:136,1
DA:137,1
DA:140,12
DA:141,1
DA:142,1
DA:143,1
DA:146,12
DA:147,11
DA:148,11
DA:149,11
DA:151,12
DA:152,12
DA:153,12
DA:155,12
DA:156,12
DA:157,12
DA:158,12
DA:159,12
DA:160,12
DA:161,12
DA:162,12
DA:164,63
DA:165,12
DA:166,12
DA:168,12
DA:169,9
DA:170,9
DA:171,9
DA:172,9
DA:173,9
DA:174,9
DA:175,9
DA:176,9
DA:178,3
DA:179,12
DA:180,0
DA:181,0
DA:182,0
DA:183,0
DA:184,0
DA:185,0
DA:186,0
DA:187,0
DA:189,3
DA:190,3
DA:191,3
DA:193,3
DA:194,3
DA:195,3
DA:197,3
DA:199,12
DA:200,12
DA:202,3
DA:203,3
DA:204,3
DA:205,3
DA:206,3
DA:207,3
DA:208,3
DA:209,12
DA:211,63
DA:212,12
DA:213,12
DA:215,12
DA:216,0
DA:217,0
DA:218,0
DA:219,0
DA:220,0
DA:221,0
DA:222,0
DA:223,0
DA:225,12
DA:227,12
DA:228,0
DA:229,0
DA:230,12
DA:231,0
DA:232,0
DA:234,12
DA:235,12
DA:236,12
DA:237,12
DA:239,12
DA:240,12
DA:241,12
DA:242,12
DA:244,12
DA:246,12
DA:247,12
DA:248,12
DA:249,12
DA:250,12
DA:251,12
DA:252,12
DA:253,12
DA:255,63
DA:256,12
DA:257,12
DA:259,12
DA:260,0
DA:261,0
DA:262,0
DA:263,0
DA:264,0
DA:265,0
DA:266,0
DA:267,0
DA:269,12
DA:271,12
DA:272,2
DA:273,2
DA:274,12
DA:275,2
DA:276,2
DA:277,12
DA:278,12
DA:279,12
DA:281,12
DA:283,12
DA:284,12
DA:285,12
DA:286,12
DA:287,12
DA:288,12
DA:289,12
DA:290,12
DA:292,63
DA:293,12
DA:294,12
DA:296,12
DA:297,0
DA:298,0
DA:299,0
DA:300,0
DA:301,0
DA:302,0
DA:303,0
DA:304,0
DA:306,12
DA:308,12
DA:309,12
DA:310,0
DA:311,0
DA:312,12
DA:313,0
DA:314,0
DA:316,12
DA:317,12
DA:318,12
DA:319,12
DA:321,12
DA:323,12
DA:324,12
DA:325,12
DA:326,12
DA:327,12
DA:328,12
DA:329,12
DA:330,12
DA:332,63
DA:333,12
DA:334,12
DA:336,12
DA:337,0
DA:338,0
DA:339,0
DA:340,0
DA:341,0
DA:342,0
DA:343,0
DA:344,0
DA:346,12
DA:347,12
DA:349,12
DA:350,12
DA:351,12
DA:352,0
DA:353,0
DA:355,12
DA:357,12
DA:358,12
DA:359,12
DA:360,12
DA:361,12
DA:362,12
DA:363,12
DA:364,12
DA:368,63
DA:369,12
DA:370,12
DA:371,3
DA:372,0
DA:373,0
DA:374,12
DA:376,63
DA:377,12
DA:378,12
DA:380,63
DA:381,12
DA:383,12
DA:384,72
DA:385,11
DA:386,10
DA:387,11
DA:388,0
DA:389,1
DA:390,1
DA:391,1
DA:392,0
DA:393,0
DA:394,0
DA:395,0
DA:396,0
DA:397,0
DA:398,11
DA:399,72
DA:401,12
DA:402,0
DA:403,0
DA:405,12
DA:406,12
DA:407,63
LF:277
LH:201
BRDA:72,0,0,63
BRDA:76,1,0,12
BRDA:87,2,0,72
BRDA:104,3,0,12
BRDA:108,4,0,0
BRDA:122,5,0,0
BRDA:125,6,0,0
BRDA:132,7,0,0
BRDA:135,8,0,1
BRDA:140,9,0,1
BRDA:146,10,0,11
BRDA:164,11,0,12
BRDA:168,12,0,9
BRDA:176,13,0,3
BRDA:179,14,0,0
BRDA:187,15,0,3
BRDA:199,16,0,0
BRDA:199,17,0,3
BRDA:200,18,0,2
BRDA:200,19,0,3
BRDA:178,20,0,5
BRDA:189,21,0,5
BRDA:190,22,0,5
BRDA:191,23,0,5
BRDA:211,24,0,12
BRDA:215,25,0,0
BRDA:227,26,0,0
BRDA:230,27,0,0
BRDA:255,28,0,12
BRDA:259,29,0,0
BRDA:271,30,0,2
BRDA:274,31,0,2
BRDA:292,32,0,12
BRDA:296,33,0,0
BRDA:309,34,0,0
BRDA:312,35,0,0
BRDA:332,36,0,12
BRDA:336,37,0,0
BRDA:349,38,0,0
BRDA:350,39,0,0
BRDA:351,40,0,0
BRDA:368,41,0,12
BRDA:369,42,0,1
BRDA:369,43,0,11
BRDA:370,44,0,8
BRDA:370,45,0,3
BRDA:371,46,0,0
BRDA:376,47,0,12
BRDA:377,48,0,32
BRDA:377,49,0,14
BRDA:380,50,0,12
BRDA:383,51,0,72
BRDA:384,52,0,11
BRDA:385,53,0,10
BRDA:387,54,0,1
BRDA:387,55,0,0
BRDA:391,56,0,0
BRDA:401,57,0,0
BRDA:401,58,0,0
BRF:59
BRH:37
end_of_record
TN:
SF:src/services/business/business.repository.ts
FN:103,nowISO
FN:107,computeChangeDiff
FN:123,<instance_members_initializer>
FN:133,findById
FN:139,findByKey
FN:148,findMany
FN:173,sortFn
FN:216,create
FN:232,update
FN:253,archive
FN:267,restore
FN:276,softDelete
FN:280,search
FN:302,slugExists
FN:313,saveVersion
FN:338,getVersionHistory
FN:347,getVersionAt
FN:358,createKPI
FN:374,updateKPI
FN:391,deleteKPI
FN:397,getKPI
FN:403,listKPIs
FN:409,computeKPIStatus
FN:439,addRelationship
FN:456,removeRelationship
FN:466,listRelationships
FN:481,createAuditEntry
FN:495,getAuditHistory
FN:521,createActivityEvent
FN:533,getActivityTimeline
FN:560,reset
FN:570,snapshot
FNF:32
FNH:30
FNDA:490,nowISO
FNDA:24,computeChangeDiff
FNDA:99,<instance_members_initializer>
FNDA:118,findById
FNDA:64,findByKey
FNDA:10,findMany
FNDA:26,sortFn
FNDA:128,create
FNDA:28,update
FNDA:8,archive
FNDA:4,restore
FNDA:1,softDelete
FNDA:8,search
FNDA:74,slugExists
FNDA:90,saveVersion
FNDA:5,getVersionHistory
FNDA:2,getVersionAt
FNDA:18,createKPI
FNDA:3,updateKPI
FNDA:3,deleteKPI
FNDA:11,getKPI
FNDA:5,listKPIs
FNDA:21,computeKPIStatus
FNDA:12,addRelationship
FNDA:3,removeRelationship
FNDA:9,listRelationships
FNDA:101,createAuditEntry
FNDA:7,getAuditHistory
FNDA:103,createActivityEvent
FNDA:5,getActivityTimeline
FNDA:0,reset
FNDA:0,snapshot
DA:1,1
DA:103,490
DA:104,490
DA:105,490
DA:107,24
DA:108,24
DA:109,24
DA:110,24
DA:111,24
DA:112,24
DA:114,24
DA:115,461
DA:116,91
DA:117,91
DA:118,461
DA:120,24
DA:121,24
DA:123,1
DA:124,99
DA:125,99
DA:126,99
DA:127,99
DA:128,99
DA:129,99
DA:133,99
DA:134,118
DA:135,118
DA:136,111
DA:137,118
DA:139,99
DA:140,64
DA:141,17
DA:142,2
DA:143,2
DA:144,17
DA:145,62
DA:146,64
DA:148,99
DA:149,10
DA:150,10
DA:151,36
DA:152,32
DA:153,32
DA:154,29
DA:155,3
DA:156,10
DA:158,10
DA:159,10
DA:160,8
DA:161,8
DA:162,8
DA:163,8
DA:164,8
DA:165,8
DA:166,8
DA:167,8
DA:168,8
DA:169,8
DA:170,8
DA:173,10
DA:174,26
DA:175,26
DA:177,26
DA:178,26
DA:179,26
DA:180,26
DA:181,26
DA:182,26
DA:183,0
DA:184,0
DA:185,0
DA:186,26
DA:187,0
DA:188,0
DA:189,0
DA:190,26
DA:191,26
DA:192,0
DA:193,0
DA:194,0
DA:195,26
DA:197,26
DA:198,26
DA:199,26
DA:201,10
DA:203,10
DA:204,10
DA:205,10
DA:207,10
DA:208,10
DA:209,10
DA:210,10
DA:211,10
DA:212,10
DA:213,10
DA:214,10
DA:216,99
DA:217,128
DA:218,128
DA:219,128
DA:220,128
DA:221,128
DA:222,128
DA:223,128
DA:224,128
DA:225,128
DA:226,128
DA:227,128
DA:228,128
DA:229,128
DA:230,128
DA:232,99
DA:233,28
DA:234,28
DA:235,28
DA:236,28
DA:237,28
DA:238,28
DA:239,1
DA:240,1
DA:241,27
DA:242,27
DA:243,27
DA:244,27
DA:245,27
DA:246,27
DA:247,27
DA:248,27
DA:249,27
DA:250,27
DA:251,28
DA:253,99
DA:254,8
DA:255,8
DA:256,8
DA:257,8
DA:258,8
DA:259,8
DA:260,8
DA:261,8
DA:262,8
DA:263,8
DA:264,8
DA:265,8
DA:267,99
DA:268,4
DA:269,4
DA:270,4
DA:271,4
DA:272,4
DA:273,4
DA:274,4
DA:276,99
DA:277,1
DA:278,1
DA:280,99
DA:281,8
DA:282,8
DA:283,8
DA:284,22
DA:285,22
DA:286,22
DA:287,22
DA:288,16
DA:289,14
DA:290,14
DA:291,8
DA:293,8
DA:294,0
DA:295,0
DA:297,8
DA:299,8
DA:300,8
DA:302,99
DA:303,74
DA:304,27
DA:305,2
DA:306,2
DA:307,27
DA:308,72
DA:309,74
DA:313,99
DA:314,90
DA:315,90
DA:316,90
DA:317,90
DA:318,90
DA:319,90
DA:320,90
DA:321,90
DA:322,90
DA:323,90
DA:324,90
DA:325,90
DA:326,90
DA:327,90
DA:328,90
DA:329,90
DA:331,90
DA:332,90
DA:333,90
DA:335,90
DA:336,90
DA:338,99
DA:339,5
DA:340,5
DA:341,5
DA:342,5
DA:343,5
DA:344,5
DA:345,5
DA:347,99
DA:348,2
DA:349,2
DA:350,2
DA:351,2
DA:352,2
DA:353,2
DA:354,2
DA:358,99
DA:359,18
DA:360,18
DA:361,18
DA:362,18
DA:363,18
DA:364,18
DA:365,18
DA:366,18
DA:367,18
DA:368,18
DA:369,18
DA:370,18
DA:371,18
DA:372,18
DA:374,99
DA:375,3
DA:376,3
DA:378,3
DA:379,3
DA:380,3
DA:381,3
DA:382,3
DA:383,3
DA:384,3
DA:385,3
DA:386,3
DA:387,3
DA:388,3
DA:389,3
DA:391,99
DA:392,3
DA:393,3
DA:394,3
DA:395,3
DA:397,99
DA:398,11
DA:399,11
DA:400,10
DA:401,11
DA:403,99
DA:404,5
DA:405,5
DA:406,5
DA:407,5
DA:409,99
DA:410,21
DA:411,21
DA:412,21
DA:414,9
DA:416,13
DA:417,7
DA:418,7
DA:419,7
DA:420,7
DA:421,1
DA:422,21
DA:423,2
DA:424,2
DA:425,2
DA:426,2
DA:427,1
DA:428,1
DA:431,0
DA:432,0
DA:433,0
DA:434,0
DA:435,21
DA:439,99
DA:440,12
DA:441,12
DA:442,1
DA:443,1
DA:444,1
DA:446,11
DA:447,11
DA:448,11
DA:449,11
DA:450,12
DA:451,12
DA:452,12
DA:453,12
DA:454,12
DA:456,99
DA:457,3
DA:458,3
DA:459,3
DA:460,3
DA:461,3
DA:462,3
DA:463,3
DA:464,3
DA:466,99
DA:467,9
DA:468,9
DA:469,9
DA:470,9
DA:471,9
DA:472,9
DA:473,12
DA:474,12
DA:475,12
DA:476,9
DA:477,9
DA:481,99
DA:482,101
DA:483,101
DA:484,101
DA:485,101
DA:486,101
DA:487,24
DA:488,77
DA:489,101
DA:490,101
DA:491,101
DA:492,101
DA:493,101
DA:495,99
DA:496,7
DA:497,7
DA:498,7
DA:499,7
DA:500,7
DA:501,7
DA:502,7
DA:503,7
DA:504,7
DA:505,7
DA:506,7
DA:508,7
DA:509,1
DA:510,1
DA:511,1
DA:513,7
DA:514,7
DA:516,7
DA:517,7
DA:521,99
DA:522,103
DA:523,103
DA:524,103
DA:525,103
DA:526,103
DA:527,103
DA:528,103
DA:529,103
DA:530,103
DA:531,103
DA:533,99
DA:534,5
DA:535,5
DA:536,5
DA:537,5
DA:538,5
DA:539,5
DA:540,5
DA:541,5
DA:542,5
DA:543,5
DA:544,5
DA:546,5
DA:547,0
DA:548,0
DA:549,0
DA:551,5
DA:552,5
DA:554,5
DA:555,5
DA:560,99
DA:561,0
DA:562,0
DA:563,0
DA:564,0
DA:565,0
DA:566,0
DA:567,0
DA:570,99
DA:571,0
DA:572,0
DA:573,0
DA:574,0
DA:575,0
DA:576,0
DA:577,0
DA:578,0
DA:579,0
DA:580,99
LF:406
LH:372
BRDA:103,0,0,490
BRDA:107,1,0,24
BRDA:114,2,0,461
BRDA:115,3,0,91
BRDA:123,4,0,99
BRDA:133,5,0,118
BRDA:135,6,0,114
BRDA:135,7,0,112
BRDA:135,8,0,7
BRDA:135,9,0,111
BRDA:139,10,0,64
BRDA:140,11,0,17
BRDA:141,12,0,3
BRDA:141,13,0,2
BRDA:141,14,0,2
BRDA:144,15,0,62
BRDA:148,16,0,10
BRDA:159,17,0,8
BRDA:160,18,0,2
BRDA:160,19,0,2
BRDA:161,20,0,0
BRDA:161,21,0,0
BRDA:162,22,0,0
BRDA:163,23,0,1
BRDA:164,24,0,1
BRDA:165,25,0,0
BRDA:167,26,0,0
BRDA:169,27,0,0
BRDA:150,28,0,36
BRDA:151,29,0,32
BRDA:152,30,0,32
BRDA:153,31,0,29
BRDA:153,32,0,29
BRDA:154,33,0,3
BRDA:160,34,0,7
BRDA:160,35,0,0
BRDA:164,36,0,4
BRDA:164,37,0,0
BRDA:164,38,0,4
BRDA:173,39,0,26
BRDA:182,40,0,0
BRDA:186,41,0,0
BRDA:190,42,0,0
BRDA:191,43,0,0
BRDA:197,44,0,21
BRDA:197,45,0,5
BRDA:198,46,0,11
BRDA:198,47,0,15
BRDA:198,48,0,0
BRDA:216,49,0,128
BRDA:232,50,0,28
BRDA:238,51,0,1
BRDA:240,52,0,27
BRDA:253,53,0,8
BRDA:267,54,0,4
BRDA:276,55,0,1
BRDA:280,56,0,8
BRDA:293,57,0,0
BRDA:293,58,0,0
BRDA:283,59,0,22
BRDA:287,60,0,16
BRDA:288,61,0,5
BRDA:288,62,0,14
BRDA:289,63,0,14
BRDA:290,64,0,8
BRDA:302,65,0,74
BRDA:303,66,0,27
BRDA:304,67,0,4
BRDA:304,68,0,3
BRDA:304,69,0,2
BRDA:304,70,0,2
BRDA:307,71,0,72
BRDA:313,72,0,90
BRDA:331,73,0,64
BRDA:338,74,0,5
BRDA:343,75,0,0
BRDA:344,76,0,7
BRDA:347,77,0,2
BRDA:352,78,0,1
BRDA:353,79,0,1
BRDA:353,80,0,1
BRDA:358,81,0,18
BRDA:374,82,0,3
BRDA:376,83,0,0
BRDA:383,84,0,0
BRDA:391,85,0,3
BRDA:393,86,0,0
BRDA:397,87,0,11
BRDA:399,88,0,10
BRDA:399,89,0,1
BRDA:399,90,0,10
BRDA:403,91,0,5
BRDA:405,92,0,5
BRDA:409,93,0,21
BRDA:412,94,0,12
BRDA:412,95,0,13
BRDA:412,96,0,9
BRDA:416,97,0,7
BRDA:417,98,0,0
BRDA:417,99,0,0
BRDA:418,100,0,0
BRDA:418,101,0,0
BRDA:419,102,0,2
BRDA:419,103,0,5
BRDA:420,104,0,4
BRDA:420,105,0,1
BRDA:422,106,0,11
BRDA:422,107,0,2
BRDA:423,108,0,0
BRDA:423,109,0,0
BRDA:424,110,0,0
BRDA:424,111,0,0
BRDA:425,112,0,1
BRDA:426,113,0,0
BRDA:426,114,0,1
BRDA:428,115,0,0
BRDA:439,116,0,12
BRDA:441,117,0,1
BRDA:444,118,0,11
BRDA:456,119,0,3
BRDA:466,120,0,9
BRDA:472,121,0,12
BRDA:475,122,0,7
BRDA:481,123,0,101
BRDA:486,124,0,26
BRDA:486,125,0,24
BRDA:487,126,0,77
BRDA:495,127,0,7
BRDA:508,128,0,1
BRDA:514,129,0,1
BRDA:514,130,0,0
BRDA:514,131,0,6
BRDA:504,132,0,20
BRDA:506,133,0,13
BRDA:509,134,0,3
BRDA:521,135,0,103
BRDA:526,136,0,91
BRDA:533,137,0,5
BRDA:546,138,0,0
BRDA:552,139,0,0
BRDA:542,140,0,9
BRDA:544,141,0,4
BRF:142
BRH:110
end_of_record
TN:
SF:src/services/business/business.service.ts
FN:36,generateSlug
FN:46,generateBusinessKey
FN:89,<instance_members_initializer>
FN:94,BusinessService
FN:105,create
FN:180,getById
FN:191,getByKey
FN:208,list
FN:212,search
FN:218,update
FN:288,archive
FN:332,restore
FN:377,addTag
FN:388,removeTag
FN:401,createKPI
FN:441,updateKPI
FN:480,deleteKPI
FN:500,listKPIs
FN:507,computeHealth
FN:520,linkEntity
FN:551,unlinkEntity
FN:573,getRelationships
FN:585,getRelationshipMap
FN:592,getVersionHistory
FN:601,getVersionAt
FN:621,getActivityTimeline
FN:631,getAuditHistory
FN:643,summarizeChanges
FNF:28
FNH:25
FNDA:70,generateSlug
FNDA:61,generateBusinessKey
FNDA:53,<instance_members_initializer>
FNDA:53,BusinessService
FNDA:61,create
FNDA:61,getById
FNDA:26,getByKey
FNDA:3,list
FNDA:3,search
FNDA:13,update
FNDA:6,archive
FNDA:3,restore
FNDA:4,addTag
FNDA:1,removeTag
FNDA:8,createKPI
FNDA:2,updateKPI
FNDA:2,deleteKPI
FNDA:4,listKPIs
FNDA:0,computeHealth
FNDA:5,linkEntity
FNDA:2,unlinkEntity
FNDA:4,getRelationships
FNDA:0,getRelationshipMap
FNDA:3,getVersionHistory
FNDA:0,getVersionAt
FNDA:3,getActivityTimeline
FNDA:5,getAuditHistory
FNDA:24,summarizeChanges
DA:1,1
DA:36,70
DA:37,70
DA:38,70
DA:39,70
DA:40,70
DA:41,70
DA:42,70
DA:43,70
DA:44,70
DA:46,61
DA:47,61
DA:48,61
DA:49,61
DA:50,366
DA:51,366
DA:52,61
DA:53,61
DA:89,1
DA:90,53
DA:91,53
DA:92,53
DA:94,53
DA:95,53
DA:96,53
DA:97,53
DA:98,53
DA:99,53
DA:100,53
DA:101,53
DA:105,53
DA:106,61
DA:107,61
DA:108,61
DA:110,61
DA:111,61
DA:113,61
DA:114,1
DA:115,1
DA:116,1
DA:119,61
DA:120,61
DA:121,0
DA:122,0
DA:124,61
DA:125,61
DA:126,61
DA:127,61
DA:128,61
DA:129,61
DA:130,61
DA:131,61
DA:132,61
DA:133,61
DA:134,61
DA:135,61
DA:136,61
DA:137,61
DA:138,61
DA:139,61
DA:140,61
DA:143,61
DA:144,61
DA:145,61
DA:146,61
DA:147,61
DA:148,61
DA:149,61
DA:152,61
DA:153,61
DA:154,61
DA:155,61
DA:156,61
DA:157,61
DA:158,61
DA:159,61
DA:160,61
DA:161,61
DA:162,61
DA:163,61
DA:164,61
DA:165,61
DA:166,61
DA:167,61
DA:168,61
DA:169,61
DA:170,61
DA:171,61
DA:172,61
DA:173,61
DA:175,61
DA:176,61
DA:180,53
DA:181,61
DA:182,61
DA:183,1
DA:184,1
DA:185,1
DA:186,1
DA:187,1
DA:188,60
DA:189,61
DA:191,53
DA:193,26
DA:194,1
DA:195,1
DA:196,1
DA:199,25
DA:200,26
DA:202,2
DA:203,2
DA:204,2
DA:205,2
DA:206,26
DA:208,53
DA:209,3
DA:210,3
DA:212,53
DA:213,3
DA:214,3
DA:218,53
DA:219,13
DA:220,13
DA:221,13
DA:222,13
DA:223,13
DA:225,13
DA:226,0
DA:227,0
DA:228,0
DA:229,0
DA:230,0
DA:233,12
DA:234,13
DA:235,8
DA:236,8
DA:237,8
DA:238,8
DA:239,8
DA:240,8
DA:242,12
DA:243,12
DA:244,12
DA:245,12
DA:246,12
DA:249,12
DA:250,12
DA:251,12
DA:252,12
DA:253,12
DA:254,12
DA:255,12
DA:258,12
DA:259,12
DA:260,12
DA:261,12
DA:262,12
DA:263,12
DA:264,12
DA:265,12
DA:266,12
DA:267,12
DA:268,12
DA:269,12
DA:270,12
DA:271,12
DA:272,12
DA:273,12
DA:274,12
DA:275,12
DA:276,12
DA:277,12
DA:278,12
DA:279,12
DA:280,12
DA:281,12
DA:283,12
DA:284,13
DA:288,53
DA:289,6
DA:290,6
DA:291,6
DA:292,6
DA:293,6
DA:295,6
DA:296,0
DA:297,0
DA:298,0
DA:299,0
DA:300,0
DA:302,6
DA:304,6
DA:305,6
DA:306,6
DA:307,6
DA:308,6
DA:309,6
DA:310,6
DA:311,6
DA:312,6
DA:313,6
DA:314,6
DA:315,6
DA:316,6
DA:317,6
DA:318,6
DA:319,6
DA:320,6
DA:321,6
DA:322,6
DA:323,6
DA:324,6
DA:325,6
DA:326,6
DA:327,6
DA:329,6
DA:330,6
DA:332,53
DA:333,3
DA:334,3
DA:335,3
DA:336,3
DA:338,3
DA:339,0
DA:340,0
DA:341,0
DA:342,0
DA:343,0
DA:345,3
DA:347,3
DA:348,3
DA:349,3
DA:350,3
DA:351,3
DA:352,3
DA:353,3
DA:354,3
DA:355,3
DA:356,3
DA:357,3
DA:358,3
DA:359,3
DA:360,3
DA:361,3
DA:362,3
DA:363,3
DA:364,3
DA:365,3
DA:366,3
DA:367,3
DA:368,3
DA:369,3
DA:370,3
DA:372,3
DA:373,3
DA:377,53
DA:378,4
DA:379,4
DA:381,4
DA:382,1
DA:383,1
DA:385,3
DA:386,4
DA:388,53
DA:389,1
DA:390,1
DA:392,1
DA:393,0
DA:394,0
DA:396,1
DA:397,1
DA:401,53
DA:402,8
DA:403,8
DA:404,8
DA:405,8
DA:406,8
DA:408,8
DA:409,8
DA:410,8
DA:411,8
DA:412,8
DA:413,8
DA:415,8
DA:416,8
DA:417,8
DA:418,8
DA:419,8
DA:420,8
DA:421,8
DA:422,8
DA:423,8
DA:424,8
DA:425,8
DA:426,8
DA:427,8
DA:428,8
DA:429,8
DA:430,8
DA:431,8
DA:432,8
DA:433,8
DA:434,8
DA:435,8
DA:436,8
DA:438,8
DA:439,8
DA:441,53
DA:442,2
DA:443,2
DA:444,2
DA:445,2
DA:446,2
DA:447,2
DA:448,0
DA:449,0
DA:451,2
DA:453,2
DA:454,2
DA:455,2
DA:456,2
DA:457,2
DA:458,2
DA:459,2
DA:460,2
DA:461,2
DA:462,2
DA:463,2
DA:464,2
DA:465,2
DA:466,2
DA:467,2
DA:468,2
DA:469,2
DA:470,2
DA:471,2
DA:472,2
DA:473,2
DA:474,2
DA:475,2
DA:477,2
DA:478,2
DA:480,53
DA:481,2
DA:482,2
DA:483,0
DA:484,0
DA:486,2
DA:488,2
DA:489,2
DA:490,2
DA:491,2
DA:492,2
DA:493,2
DA:494,2
DA:495,2
DA:496,2
DA:497,2
DA:498,2
DA:500,53
DA:501,4
DA:502,4
DA:503,4
DA:507,53
DA:508,0
DA:509,0
DA:510,0
DA:511,0
DA:512,0
DA:513,0
DA:515,0
DA:516,0
DA:520,53
DA:521,5
DA:522,5
DA:523,5
DA:524,5
DA:525,5
DA:526,5
DA:527,5
DA:529,5
DA:530,5
DA:531,5
DA:532,5
DA:533,5
DA:534,5
DA:535,5
DA:536,5
DA:537,5
DA:539,5
DA:540,5
DA:541,5
DA:542,5
DA:543,5
DA:544,5
DA:545,5
DA:546,5
DA:547,5
DA:548,5
DA:549,5
DA:551,53
DA:552,2
DA:553,2
DA:554,2
DA:555,2
DA:556,2
DA:557,2
DA:559,2
DA:561,2
DA:562,2
DA:563,2
DA:564,2
DA:565,2
DA:566,2
DA:567,2
DA:568,2
DA:569,2
DA:570,2
DA:571,2
DA:573,53
DA:574,4
DA:575,4
DA:576,4
DA:577,2
DA:578,2
DA:579,2
DA:580,2
DA:581,2
DA:582,4
DA:583,4
DA:585,53
DA:586,0
DA:587,0
DA:588,0
DA:592,53
DA:593,3
DA:594,3
DA:595,3
DA:596,3
DA:597,3
DA:598,3
DA:599,3
DA:601,53
DA:602,0
DA:603,0
DA:604,0
DA:605,0
DA:606,0
DA:607,0
DA:609,0
DA:610,0
DA:611,0
DA:612,0
DA:613,0
DA:614,0
DA:616,0
DA:617,0
DA:621,53
DA:622,3
DA:623,3
DA:624,3
DA:625,3
DA:626,3
DA:627,3
DA:628,3
DA:629,3
DA:631,53
DA:632,5
DA:633,5
DA:634,5
DA:635,5
DA:636,5
DA:637,5
DA:638,5
DA:639,5
DA:643,53
DA:644,24
DA:645,24
DA:646,24
DA:647,24
DA:648,24
DA:650,24
DA:651,216
DA:652,48
DA:653,48
DA:654,216
DA:656,24
DA:657,24
DA:658,24
DA:659,53
LF:490
LH:442
BRDA:36,0,0,70
BRDA:46,1,0,61
BRDA:49,2,0,366
BRDA:89,3,0,53
BRDA:94,4,0,53
BRDA:105,5,0,61
BRDA:113,6,0,62
BRDA:113,7,0,1
BRDA:120,8,0,0
BRDA:138,9,0,0
BRDA:180,10,0,61
BRDA:182,11,0,1
BRDA:187,12,0,60
BRDA:191,13,0,26
BRDA:193,14,0,1
BRDA:196,15,0,25
BRDA:200,16,0,23
BRDA:200,17,0,2
BRDA:208,18,0,3
BRDA:212,19,0,3
BRDA:218,20,0,13
BRDA:223,21,0,12
BRDA:225,22,0,0
BRDA:230,23,0,12
BRDA:234,24,0,8
BRDA:234,25,0,8
BRDA:240,26,0,12
BRDA:288,27,0,6
BRDA:295,28,0,0
BRDA:325,29,0,1
BRDA:325,30,0,5
BRDA:332,31,0,3
BRDA:338,32,0,0
BRDA:377,33,0,4
BRDA:381,34,0,1
BRDA:383,35,0,3
BRDA:388,36,0,1
BRDA:392,37,0,0
BRDA:396,38,0,2
BRDA:401,39,0,8
BRDA:441,40,0,2
BRDA:447,41,0,0
BRDA:480,42,0,2
BRDA:482,43,0,0
BRDA:500,44,0,4
BRDA:520,45,0,5
BRDA:551,46,0,2
BRDA:573,47,0,4
BRDA:576,48,0,2
BRDA:592,49,0,3
BRDA:621,50,0,3
BRDA:631,51,0,5
BRDA:643,52,0,24
BRDA:650,53,0,216
BRDA:651,54,0,48
BRDA:656,55,0,0
BRF:56
BRH:47
end_of_record
TN:
SF:src/services/business/kpi.service.ts
FN:25,KPIService
FN:27,create
FN:32,update
FN:37,delete
FN:42,get
FN:47,listForBusiness
FN:53,enrichKPI
FN:63,computeTrend
FN:98,formatValue
FN:119,computeProgress
FNF:10
FNH:9
FNDA:54,KPIService
FNDA:8,create
FNDA:2,update
FNDA:2,delete
FNDA:0,get
FNDA:4,listForBusiness
FNDA:3,enrichKPI
FNDA:11,computeTrend
FNDA:12,formatValue
FNDA:10,computeProgress
DA:24,1
DA:25,1
DA:27,1
DA:28,8
DA:29,8
DA:30,8
DA:32,1
DA:33,2
DA:34,2
DA:35,2
DA:37,1
DA:38,2
DA:39,2
DA:40,2
DA:42,1
DA:43,0
DA:44,0
DA:45,0
DA:47,1
DA:48,4
DA:49,4
DA:50,4
DA:51,4
DA:53,1
DA:54,3
DA:55,3
DA:56,3
DA:57,3
DA:59,3
DA:60,3
DA:63,1
DA:64,11
DA:65,5
DA:66,5
DA:68,6
DA:69,6
DA:71,6
DA:72,6
DA:73,6
DA:74,0
DA:76,11
DA:77,11
DA:78,5
DA:79,5
DA:82,6
DA:83,6
DA:84,1
DA:85,5
DA:86,3
DA:87,2
DA:88,2
DA:89,0
DA:90,0
DA:91,0
DA:92,0
DA:94,11
DA:95,11
DA:98,1
DA:99,12
DA:100,8
DA:101,11
DA:102,3
DA:103,3
DA:104,3
DA:105,3
DA:106,3
DA:107,12
DA:108,2
DA:109,12
DA:110,1
DA:111,12
DA:112,1
DA:113,12
DA:114,1
DA:115,12
DA:116,12
DA:119,1
DA:120,10
DA:122,7
DA:123,3
DA:124,7
DA:126,2
DA:128,1
DA:129,1
DA:130,1
DA:131,1
DA:134,0
DA:135,0
DA:136,10
DA:137,1
LF:90
LH:80
BRDA:25,0,0,54
BRDA:27,1,0,8
BRDA:28,2,0,0
BRDA:32,3,0,2
BRDA:33,4,0,0
BRDA:37,5,0,2
BRDA:38,6,0,0
BRDA:47,7,0,4
BRDA:48,8,0,0
BRDA:50,9,0,3
BRDA:53,10,0,3
BRDA:63,11,0,11
BRDA:64,12,0,7
BRDA:64,13,0,5
BRDA:66,14,0,6
BRDA:73,15,0,0
BRDA:77,16,0,8
BRDA:77,17,0,5
BRDA:78,18,0,3
BRDA:78,19,0,2
BRDA:79,20,0,6
BRDA:83,21,0,1
BRDA:84,22,0,5
BRDA:85,23,0,3
BRDA:86,24,0,2
BRDA:88,25,0,0
BRDA:98,26,0,12
BRDA:99,27,0,11
BRDA:99,28,0,9
BRDA:99,29,0,4
BRDA:99,30,0,8
BRDA:101,31,0,3
BRDA:107,32,0,2
BRDA:109,33,0,1
BRDA:111,34,0,1
BRDA:113,35,0,1
BRDA:119,36,0,10
BRDA:120,37,0,5
BRDA:120,38,0,5
BRDA:120,39,0,7
BRDA:120,40,0,5
BRDA:122,41,0,3
BRDA:124,42,0,2
BRDA:126,43,0,1
BRDA:131,44,0,0
BRF:45
BRH:38
end_of_record
TN:
SF:src/services/business/relationship.engine.ts
FN:71,RelationshipEngine
FN:73,link
FN:96,unlink
FN:105,getMap
FN:180,listByType
FNF:5
FNH:3
FNDA:53,RelationshipEngine
FNDA:5,link
FNDA:2,unlink
FNDA:0,getMap
FNDA:0,listByType
DA:29,1
DA:30,1
DA:31,1
DA:32,1
DA:33,1
DA:34,1
DA:35,1
DA:36,1
DA:37,1
DA:38,1
DA:39,1
DA:40,1
DA:41,1
DA:42,1
DA:43,1
DA:70,1
DA:71,1
DA:73,1
DA:74,5
DA:75,5
DA:76,5
DA:77,5
DA:78,5
DA:79,5
DA:80,5
DA:81,5
DA:82,5
DA:83,5
DA:84,5
DA:85,5
DA:86,5
DA:87,5
DA:88,5
DA:89,5
DA:90,5
DA:91,5
DA:93,5
DA:94,5
DA:96,1
DA:97,2
DA:98,2
DA:99,2
DA:100,2
DA:101,2
DA:102,2
DA:103,2
DA:105,1
DA:106,0
DA:108,0
DA:109,0
DA:110,0
DA:111,0
DA:112,0
DA:113,0
DA:114,0
DA:115,0
DA:116,0
DA:117,0
DA:118,0
DA:119,0
DA:120,0
DA:121,0
DA:122,0
DA:123,0
DA:125,0
DA:126,0
DA:127,0
DA:128,0
DA:129,0
DA:130,0
DA:131,0
DA:132,0
DA:134,0
DA:135,0
DA:136,0
DA:137,0
DA:138,0
DA:139,0
DA:140,0
DA:141,0
DA:142,0
DA:143,0
DA:144,0
DA:145,0
DA:146,0
DA:147,0
DA:148,0
DA:149,0
DA:150,0
DA:151,0
DA:152,0
DA:153,0
DA:154,0
DA:155,0
DA:156,0
DA:157,0
DA:158,0
DA:159,0
DA:160,0
DA:161,0
DA:162,0
DA:163,0
DA:164,0
DA:165,0
DA:166,0
DA:167,0
DA:168,0
DA:169,0
DA:170,0
DA:171,0
DA:172,0
DA:173,0
DA:174,0
DA:175,0
DA:177,0
DA:178,0
DA:180,1
DA:181,0
DA:182,0
DA:183,0
DA:184,0
DA:185,0
DA:186,0
DA:187,0
DA:188,0
DA:189,0
DA:190,0
DA:191,0
DA:192,0
DA:193,0
DA:194,1
LF:131
LH:49
BRDA:71,0,0,53
BRDA:73,1,0,5
BRDA:96,2,0,2
BRF:3
BRH:3
end_of_record
TN:
SF:src/services/business/types.ts
FN:1,(empty-report)
FNF:1
FNH:1
FNDA:1,(empty-report)
LF:0
LH:0
BRDA:1,0,0,1
BRF:1
BRH:1
end_of_record
